This file contains any messages produced by compilers while
running configure, to aid debugging if configure makes a mistake.

It was created by bondi configure 1.6, which was
generated by GNU Autoconf 2.61.  Invocation command line was

  $ ./configure --prefix=/usr

## --------- ##
## Platform. ##
## --------- ##

hostname = barry-HP
uname -m = x86_64
uname -r = 4.4.0-75-generic
uname -s = Linux
uname -v = #96-Ubuntu SMP Thu Apr 20 09:56:33 UTC 2017

/usr/bin/uname -p = unknown
/bin/uname -X     = unknown

/bin/arch              = unknown
/usr/bin/arch -k       = unknown
/usr/convex/getsysinfo = unknown
/usr/bin/hostinfo      = unknown
/bin/machine           = unknown
/usr/bin/oslevel       = unknown
/bin/universe          = unknown

PATH: /usr/local/sbin
PATH: /usr/local/bin
PATH: /usr/sbin
PATH: /usr/bin
PATH: /sbin
PATH: /bin
PATH: /snap/bin


## ----------- ##
## Core tests. ##
## ----------- ##

configure:1774: checking for gcc
configure:1790: found /usr/bin/gcc
configure:1801: result: gcc
configure:2039: checking for C compiler version
configure:2046: gcc --version >&5
gcc (Ubuntu 5.4.0-6ubuntu1~16.04.4) 5.4.0 20160609
Copyright (C) 2015 Free Software Foundation, Inc.
This is free software; see the source for copying conditions.  There is NO
warranty; not even for MERCHANTABILITY or FITNESS FOR A PARTICULAR PURPOSE.

configure:2049: $? = 0
configure:2056: gcc -v >&5
Using built-in specs.
COLLECT_GCC=gcc
COLLECT_LTO_WRAPPER=/usr/lib/gcc/x86_64-linux-gnu/5/lto-wrapper
Target: x86_64-linux-gnu
Configured with: ../src/configure -v --with-pkgversion='Ubuntu 5.4.0-6ubuntu1~16.04.4' --with-bugurl=file:///usr/share/doc/gcc-5/README.Bugs --enable-languages=c,ada,c++,java,go,d,fortran,objc,obj-c++ --prefix=/usr --program-suffix=-5 --enable-shared --enable-linker-build-id --libexecdir=/usr/lib --without-included-gettext --enable-threads=posix --libdir=/usr/lib --enable-nls --with-sysroot=/ --enable-clocale=gnu --enable-libstdcxx-debug --enable-libstdcxx-time=yes --with-default-libstdcxx-abi=new --enable-gnu-unique-object --disable-vtable-verify --enable-libmpx --enable-plugin --with-system-zlib --disable-browser-plugin --enable-java-awt=gtk --enable-gtk-cairo --with-java-home=/usr/lib/jvm/java-1.5.0-gcj-5-amd64/jre --enable-java-home --with-jvm-root-dir=/usr/lib/jvm/java-1.5.0-gcj-5-amd64 --with-jvm-jar-dir=/usr/lib/jvm-exports/java-1.5.0-gcj-5-amd64 --with-arch-directory=amd64 --with-ecj-jar=/usr/share/java/eclipse-ecj.jar --enable-objc-gc --enable-multiarch --disable-werror --with-arch-32=i686 --with-abi=m64 --with-multilib-list=m32,m64,mx32 --enable-multilib --with-tune=generic --enable-checking=release --build=x86_64-linux-gnu --host=x86_64-linux-gnu --target=x86_64-linux-gnu
Thread model: posix
gcc version 5.4.0 20160609 (Ubuntu 5.4.0-6ubuntu1~16.04.4) 
configure:2059: $? = 0
configure:2066: gcc -V >&5
gcc: error: unrecognized command line option '-V'
gcc: fatal error: no input files
compilation terminated.
configure:2069: $? = 1
configure:2092: checking for C compiler default output file name
configure:2119: gcc    conftest.c  >&5
configure:2122: $? = 0
configure:2160: result: a.out
configure:2177: checking whether the C compiler works
configure:2187: ./a.out
configure:2190: $? = 0
configure:2207: result: yes
configure:2214: checking whether we are cross compiling
configure:2216: result: no
configure:2219: checking for suffix of executables
configure:2226: gcc -o conftest    conftest.c  >&5
configure:2229: $? = 0
configure:2253: result: 
configure:2259: checking for suffix of object files
configure:2285: gcc -c   conftest.c >&5
configure:2288: $? = 0
configure:2311: result: o
configure:2315: checking whether we are using the GNU C compiler
configure:2344: gcc -c   conftest.c >&5
configure:2350: $? = 0
configure:2367: result: yes
configure:2372: checking whether gcc accepts -g
configure:2402: gcc -c -g  conftest.c >&5
configure:2408: $? = 0
configure:2507: result: yes
configure:2524: checking for gcc option to accept ISO C89
configure:2598: gcc  -c -g -O2  conftest.c >&5
configure:2604: $? = 0
configure:2627: result: none needed
configure:2688: checking for ranlib
configure:2704: found /usr/bin/ranlib
configure:2715: result: ranlib
configure:2746: checking how to run the C preprocessor
configure:2786: gcc -E  conftest.c
configure:2792: $? = 0
configure:2823: gcc -E  conftest.c
conftest.c:8:28: fatal error: ac_nonexistent.h: No such file or directory
compilation terminated.
configure:2829: $? = 1
configure: failed program was:
| /* confdefs.h.  */
| #define PACKAGE_NAME "bondi"
| #define PACKAGE_TARNAME "bondi"
| #define PACKAGE_VERSION "1.6"
| #define PACKAGE_STRING "bondi 1.6"
| #define PACKAGE_BUGREPORT "Barry.Jay@uts.edu.au"
| /* end confdefs.h.  */
| #include <ac_nonexistent.h>
configure:2862: result: gcc -E
configure:2891: gcc -E  conftest.c
configure:2897: $? = 0
configure:2928: gcc -E  conftest.c
conftest.c:8:28: fatal error: ac_nonexistent.h: No such file or directory
compilation terminated.
configure:2934: $? = 1
configure: failed program was:
| /* confdefs.h.  */
| #define PACKAGE_NAME "bondi"
| #define PACKAGE_TARNAME "bondi"
| #define PACKAGE_VERSION "1.6"
| #define PACKAGE_STRING "bondi 1.6"
| #define PACKAGE_BUGREPORT "Barry.Jay@uts.edu.au"
| /* end confdefs.h.  */
| #include <ac_nonexistent.h>
configure:2990: checking for make
configure:3006: found /usr/bin/make
configure:3018: result: make
configure:3031: checking checking for GNU Make
configure:3035: result: ok
configure:3089: checking build system type
configure:3107: result: x86_64-unknown-linux-gnu
configure:3129: checking host system type
configure:3144: result: x86_64-unknown-linux-gnu
configure:3166: checking target system type
configure:3181: result: x86_64-unknown-linux-gnu
configure:3209: checking host system type
configure:3224: result: x86_64-unknown-linux-gnu
configure:3254: result: configuring for linux/x86
configure:3307: checking for ocamlc
configure:3323: found /usr/local/bin/ocamlc
configure:3335: result: ocamlc
configure:3367: checking for ocamlopt
configure:3383: found /usr/bin/ocamlopt
configure:3395: result: ocamlopt
configure:3408: checking ocamlopt version
configure:3412: result: differs from ocamlc; ocamlopt discarded.
configure:3428: checking for ocamldep
configure:3444: found /usr/local/bin/ocamldep
configure:3456: result: ocamldep
configure:3475: checking for ocamllex
configure:3491: found /usr/local/bin/ocamllex
configure:3503: result: ocamllex
configure:3518: checking for ocamllex.opt
configure:3546: result: no
configure:3564: checking for ocamlyacc
configure:3580: found /usr/local/bin/ocamlyacc
configure:3592: result: ocamlyacc
configure:3611: checking for ocamldot
configure:3639: result: no
configure:3648: WARNING: 
configure:3657: checking for perl
configure:3673: found /usr/bin/perl
configure:3685: result: perl
configure:3704: checking for ld
configure:3720: found /usr/bin/ld
configure:3732: result: ld
configure:3751: checking for as
configure:3767: found /usr/bin/as
configure:3779: result: as
configure:3798: checking for ar
configure:3814: found /usr/bin/ar
configure:3826: result: ar
configure:3845: checking for ranlib
configure:3873: result: ranlib
configure:3892: checking for main in -lc
configure:3921: gcc -o conftest -g -O2   conftest.c -lc   >&5
configure:3927: $? = 0
configure:3945: result: yes
configure:3957: checking for main in -lcurses
configure:3986: gcc -o conftest -g -O2   conftest.c -lcurses  -lc  >&5
configure:3992: $? = 0
configure:4010: result: yes
configure:4021: checking for main in -lreadline
configure:4050: gcc -o conftest -g -O2   conftest.c -lreadline  -lcurses -lc  >&5
configure:4056: $? = 0
configure:4074: result: yes
configure:4080: checking for main in -lreadline
configure:4133: result: yes
configure:4144: checking for grep that handles long lines and -e
configure:4218: result: /bin/grep
configure:4223: checking for egrep
configure:4301: result: /bin/grep -E
configure:4306: checking for ANSI C header files
configure:4336: gcc -c -g -O2  conftest.c >&5
configure:4342: $? = 0
configure:4441: gcc -o conftest -g -O2   conftest.c -lcurses -lc  >&5
configure:4444: $? = 0
configure:4450: ./conftest
configure:4453: $? = 0
configure:4470: result: yes
configure:4494: checking for sys/types.h
configure:4515: gcc -c -g -O2  conftest.c >&5
configure:4521: $? = 0
configure:4537: result: yes
configure:4494: checking for sys/stat.h
configure:4515: gcc -c -g -O2  conftest.c >&5
configure:4521: $? = 0
configure:4537: result: yes
configure:4494: checking for stdlib.h
configure:4515: gcc -c -g -O2  conftest.c >&5
configure:4521: $? = 0
configure:4537: result: yes
configure:4494: checking for string.h
configure:4515: gcc -c -g -O2  conftest.c >&5
configure:4521: $? = 0
configure:4537: result: yes
configure:4494: checking for memory.h
configure:4515: gcc -c -g -O2  conftest.c >&5
configure:4521: $? = 0
configure:4537: result: yes
configure:4494: checking for strings.h
configure:4515: gcc -c -g -O2  conftest.c >&5
configure:4521: $? = 0
configure:4537: result: yes
configure:4494: checking for inttypes.h
configure:4515: gcc -c -g -O2  conftest.c >&5
configure:4521: $? = 0
configure:4537: result: yes
configure:4494: checking for stdint.h
configure:4515: gcc -c -g -O2  conftest.c >&5
configure:4521: $? = 0
configure:4537: result: yes
configure:4494: checking for unistd.h
configure:4515: gcc -c -g -O2  conftest.c >&5
configure:4521: $? = 0
configure:4537: result: yes
configure:4554: checking for string.h
configure:4560: result: yes
configure:4700: checking for stdlib.h
configure:4706: result: yes
configure:4840: checking for GNU libc compatible malloc
configure:4874: gcc -o conftest -g -O2   conftest.c -lcurses -lc  >&5
configure:4877: $? = 0
configure:4883: ./conftest
configure:4886: $? = 0
configure:4902: result: yes
configure:5082: creating ./config.status

## ---------------------- ##
## Running config.status. ##
## ---------------------- ##

This file was extended by bondi config.status 1.6, which was
generated by GNU Autoconf 2.61.  Invocation command line was

  CONFIG_FILES    = 
  CONFIG_HEADERS  = 
  CONFIG_LINKS    = 
  CONFIG_COMMANDS = 
  $ ./config.status 

on barry-HP

config.status:604: creating linux/Makefile

## ---------------- ##
## Cache variables. ##
## ---------------- ##

ac_cv_build=x86_64-unknown-linux-gnu
ac_cv_c_compiler_gnu=yes
ac_cv_env_CC_set=
ac_cv_env_CC_value=
ac_cv_env_CFLAGS_set=
ac_cv_env_CFLAGS_value=
ac_cv_env_CPPFLAGS_set=
ac_cv_env_CPPFLAGS_value=
ac_cv_env_CPP_set=
ac_cv_env_CPP_value=
ac_cv_env_LDFLAGS_set=
ac_cv_env_LDFLAGS_value=
ac_cv_env_LIBS_set=
ac_cv_env_LIBS_value=
ac_cv_env_build_alias_set=
ac_cv_env_build_alias_value=
ac_cv_env_host_alias_set=
ac_cv_env_host_alias_value=
ac_cv_env_target_alias_set=
ac_cv_env_target_alias_value=
ac_cv_func_malloc_0_nonnull=yes
ac_cv_header_inttypes_h=yes
ac_cv_header_memory_h=yes
ac_cv_header_stdc=yes
ac_cv_header_stdint_h=yes
ac_cv_header_stdlib_h=yes
ac_cv_header_string_h=yes
ac_cv_header_strings_h=yes
ac_cv_header_sys_stat_h=yes
ac_cv_header_sys_types_h=yes
ac_cv_header_unistd_h=yes
ac_cv_host=x86_64-unknown-linux-gnu
ac_cv_lib_c_main=yes
ac_cv_lib_curses_main=yes
ac_cv_lib_readline_main=yes
ac_cv_objext=o
ac_cv_path_EGREP='/bin/grep -E'
ac_cv_path_GREP=/bin/grep
ac_cv_prog_AR=ar
ac_cv_prog_AS=as
ac_cv_prog_CPP='gcc -E'
ac_cv_prog_LD=ld
ac_cv_prog_MAKEEXE=make
ac_cv_prog_OCAMLC=ocamlc
ac_cv_prog_OCAMLDEP=ocamldep
ac_cv_prog_OCAMLDOT=no
ac_cv_prog_OCAMLLEX=ocamllex
ac_cv_prog_OCAMLLEXDOTOPT=no
ac_cv_prog_OCAMLOPT=ocamlopt
ac_cv_prog_OCAMLYACC=ocamlyacc
ac_cv_prog_PERL=perl
ac_cv_prog_RANLIB=ranlib
ac_cv_prog_ac_ct_CC=gcc
ac_cv_prog_ac_ct_RANLIB=ranlib
ac_cv_prog_cc_c89=
ac_cv_prog_cc_g=yes
ac_cv_target=x86_64-unknown-linux-gnu

## ----------------- ##
## Output variables. ##
## ----------------- ##

AR='ar'
AS='as'
CC='gcc'
CFLAGS='-g -O2'
CPP='gcc -E'
CPPFLAGS=''
DEFS='-DPACKAGE_NAME=\"bondi\" -DPACKAGE_TARNAME=\"bondi\" -DPACKAGE_VERSION=\"1.6\" -DPACKAGE_STRING=\"bondi\ 1.6\" -DPACKAGE_BUGREPORT=\"Barry.Jay@uts.edu.au\" -DHAVE_LIBC=1 -DHAVE_LIBCURSES=1 -DSTDC_HEADERS=1 -DHAVE_SYS_TYPES_H=1 -DHAVE_SYS_STAT_H=1 -DHAVE_STDLIB_H=1 -DHAVE_STRING_H=1 -DHAVE_MEMORY_H=1 -DHAVE_STRINGS_H=1 -DHAVE_INTTYPES_H=1 -DHAVE_STDINT_H=1 -DHAVE_UNISTD_H=1 -DHAVE_STRING_H=1 -DHAVE_STDLIB_H=1 -DHAVE_MALLOC=1'
ECHO_C=''
ECHO_N='-n'
ECHO_T=''
EGREP='/bin/grep -E'
EXEEXT=''
GREP='/bin/grep'
LD='ld'
LDFLAGS=''
LIBOBJS=''
LIBS='-lcurses -lc '
LTLIBOBJS=''
MAKEEXE='make'
OBJEXT='o'
OCAMLBEST='byte'
OCAMLC='ocamlc'
OCAMLDEP='ocamldep'
OCAMLDOT='no'
OCAMLLEX='ocamllex'
OCAMLLEXDOTOPT='no'
OCAMLLIB='/usr/local/lib/ocaml'
OCAMLOPT='no'
OCAMLVERSION='4.03.0'
OCAMLYACC='ocamlyacc'
OCAML_READLINE='l_readline'
PACKAGE_BUGREPORT='Barry.Jay@uts.edu.au'
PACKAGE_NAME='bondi'
PACKAGE_STRING='bondi 1.6'
PACKAGE_TARNAME='bondi'
PACKAGE_VERSION='1.6'
PATH_SEPARATOR=':'
PERL='perl'
RANLIB='ranlib'
READLINE='-DHAVE_GNU_READLINE'
SHELL='/bin/bash'
ac_ct_CC='gcc'
bindir='${exec_prefix}/bin'
build='x86_64-unknown-linux-gnu'
build_alias=''
build_cpu='x86_64'
build_os='linux-gnu'
build_vendor='unknown'
datadir='${datarootdir}'
datarootdir='${prefix}/share'
docdir='${datarootdir}/doc/${PACKAGE_TARNAME}'
dvidir='${docdir}'
exec_prefix='${prefix}'
host='x86_64-unknown-linux-gnu'
host_alias=''
host_cpu='x86_64'
host_os='linux-gnu'
host_vendor='unknown'
htmldir='${docdir}'
includedir='${prefix}/include'
infodir='${datarootdir}/info'
libdir='${exec_prefix}/lib'
libexecdir='${exec_prefix}/libexec'
localedir='${datarootdir}/locale'
localstatedir='${prefix}/var'
mandir='${datarootdir}/man'
oldincludedir='/usr/include'
pdfdir='${docdir}'
prefix='/usr'
program_transform_name='s,x,x,'
psdir='${docdir}'
sbindir='${exec_prefix}/sbin'
sharedstatedir='${prefix}/com'
sysconfdir='${prefix}/etc'
target='x86_64-unknown-linux-gnu'
target_alias=''
target_cpu='x86_64'
target_os='linux-gnu'
target_vendor='unknown'

## ----------- ##
## confdefs.h. ##
## ----------- ##

#define PACKAGE_NAME "bondi"
#define PACKAGE_TARNAME "bondi"
#define PACKAGE_VERSION "1.6"
#define PACKAGE_STRING "bondi 1.6"
#define PACKAGE_BUGREPORT "Barry.Jay@uts.edu.au"
#define HAVE_LIBC 1
#define HAVE_LIBCURSES 1
#define STDC_HEADERS 1
#define HAVE_SYS_TYPES_H 1
#define HAVE_SYS_STAT_H 1
#define HAVE_STDLIB_H 1
#define HAVE_STRING_H 1
#define HAVE_MEMORY_H 1
#define HAVE_STRINGS_H 1
#define HAVE_INTTYPES_H 1
#define HAVE_STDINT_H 1
#define HAVE_UNISTD_H 1
#define HAVE_STRING_H 1
#define HAVE_STDLIB_H 1
#define HAVE_MALLOC 1

configure: exit 0
